{"C:\\Users\\TheR4\\Documents\\StrykeDev\\TechnicalTestProject\\app.ts": {"path":"C:\\Users\\TheR4\\Documents\\StrykeDev\\TechnicalTestProject\\app.ts","statementMap":{"0":{"start":{"line":1,"column":0},"end":{"line":1,"column":30}},"1":{"start":{"line":2,"column":0},"end":{"line":2,"column":67}},"2":{"start":{"line":3,"column":0},"end":{"line":3,"column":67}},"3":{"start":{"line":4,"column":0},"end":{"line":4,"column":73}},"4":{"start":{"line":5,"column":0},"end":{"line":5,"column":59}},"5":{"start":{"line":6,"column":0},"end":{"line":6,"column":65}},"6":{"start":{"line":7,"column":0},"end":{"line":7,"column":63}},"7":{"start":{"line":8,"column":0},"end":{"line":8,"column":53}},"8":{"start":{"line":10,"column":12},"end":{"line":10,"column":21}},"9":{"start":{"line":11,"column":19},"end":{"line":11,"column":41}},"10":{"start":{"line":13,"column":0},"end":{"line":13,"column":27}},"11":{"start":{"line":14,"column":0},"end":{"line":14,"column":52}},"12":{"start":{"line":16,"column":0},"end":{"line":18,"column":3}},"13":{"start":{"line":17,"column":2},"end":{"line":17,"column":27}},"14":{"start":{"line":20,"column":0},"end":{"line":20,"column":68}},"15":{"start":{"line":20,"column":46},"end":{"line":20,"column":66}},"16":{"start":{"line":22,"column":0},"end":{"line":22,"column":59}},"17":{"start":{"line":22,"column":36},"end":{"line":22,"column":57}},"18":{"start":{"line":24,"column":0},"end":{"line":24,"column":49}},"19":{"start":{"line":24,"column":33},"end":{"line":24,"column":47}},"20":{"start":{"line":26,"column":0},"end":{"line":26,"column":75}},"21":{"start":{"line":26,"column":45},"end":{"line":26,"column":74}},"22":{"start":{"line":26,"column":46},"end":{"line":26,"column":74}},"23":{"start":{"line":28,"column":0},"end":{"line":28,"column":81}},"24":{"start":{"line":28,"column":48},"end":{"line":28,"column":80}},"25":{"start":{"line":28,"column":49},"end":{"line":28,"column":80}},"26":{"start":{"line":30,"column":0},"end":{"line":30,"column":63}},"27":{"start":{"line":30,"column":37},"end":{"line":30,"column":62}},"28":{"start":{"line":30,"column":38},"end":{"line":30,"column":62}},"29":{"start":{"line":32,"column":0},"end":{"line":32,"column":69}},"30":{"start":{"line":32,"column":40},"end":{"line":32,"column":68}},"31":{"start":{"line":32,"column":41},"end":{"line":32,"column":68}},"32":{"start":{"line":34,"column":0},"end":{"line":34,"column":21}}},"fnMap":{"0":{"name":"(anonymous_8)","decl":{"start":{"line":16,"column":13},"end":{"line":16,"column":14}},"loc":{"start":{"line":16,"column":26},"end":{"line":18,"column":1}}},"1":{"name":"(anonymous_9)","decl":{"start":{"line":20,"column":32},"end":{"line":20,"column":33}},"loc":{"start":{"line":20,"column":46},"end":{"line":20,"column":66}}},"2":{"name":"(anonymous_10)","decl":{"start":{"line":22,"column":22},"end":{"line":22,"column":23}},"loc":{"start":{"line":22,"column":36},"end":{"line":22,"column":57}}},"3":{"name":"(anonymous_11)","decl":{"start":{"line":24,"column":19},"end":{"line":24,"column":20}},"loc":{"start":{"line":24,"column":33},"end":{"line":24,"column":47}}},"4":{"name":"(anonymous_12)","decl":{"start":{"line":26,"column":26},"end":{"line":26,"column":33}},"loc":{"start":{"line":26,"column":45},"end":{"line":26,"column":74}}},"5":{"name":"(anonymous_13)","decl":{"start":{"line":26,"column":45},"end":{"line":26,"column":46}},"loc":{"start":{"line":26,"column":45},"end":{"line":26,"column":74}}},"6":{"name":"(anonymous_14)","decl":{"start":{"line":28,"column":29},"end":{"line":28,"column":36}},"loc":{"start":{"line":28,"column":48},"end":{"line":28,"column":80}}},"7":{"name":"(anonymous_15)","decl":{"start":{"line":28,"column":48},"end":{"line":28,"column":49}},"loc":{"start":{"line":28,"column":48},"end":{"line":28,"column":80}}},"8":{"name":"(anonymous_16)","decl":{"start":{"line":30,"column":18},"end":{"line":30,"column":25}},"loc":{"start":{"line":30,"column":37},"end":{"line":30,"column":62}}},"9":{"name":"(anonymous_17)","decl":{"start":{"line":30,"column":37},"end":{"line":30,"column":38}},"loc":{"start":{"line":30,"column":37},"end":{"line":30,"column":62}}},"10":{"name":"(anonymous_18)","decl":{"start":{"line":32,"column":21},"end":{"line":32,"column":28}},"loc":{"start":{"line":32,"column":40},"end":{"line":32,"column":68}}},"11":{"name":"(anonymous_19)","decl":{"start":{"line":32,"column":40},"end":{"line":32,"column":41}},"loc":{"start":{"line":32,"column":40},"end":{"line":32,"column":68}}}},"branchMap":{},"s":{"0":1,"1":1,"2":1,"3":1,"4":1,"5":1,"6":1,"7":1,"8":1,"9":1,"10":1,"11":1,"12":1,"13":1,"14":1,"15":0,"16":1,"17":0,"18":1,"19":0,"20":1,"21":0,"22":0,"23":1,"24":0,"25":0,"26":1,"27":0,"28":0,"29":1,"30":0,"31":0,"32":1},"f":{"0":1,"1":0,"2":0,"3":0,"4":0,"5":0,"6":0,"7":0,"8":0,"9":0,"10":0,"11":0},"b":{}}
,"C:\\Users\\TheR4\\Documents\\StrykeDev\\TechnicalTestProject\\src\\functions\\ExtractCommentsHandler.ts": {"path":"C:\\Users\\TheR4\\Documents\\StrykeDev\\TechnicalTestProject\\src\\functions\\ExtractCommentsHandler.ts","statementMap":{"0":{"start":{"line":1,"column":0},"end":{"line":1,"column":26}},"1":{"start":{"line":2,"column":0},"end":{"line":2,"column":71}},"2":{"start":{"line":3,"column":0},"end":{"line":3,"column":54}},"3":{"start":{"line":5,"column":31},"end":{"line":23,"column":null}},"4":{"start":{"line":5,"column":50},"end":{"line":23,"column":null}},"5":{"start":{"line":6,"column":40},"end":{"line":6,"column":64}},"6":{"start":{"line":7,"column":25},"end":{"line":7,"column":43}},"7":{"start":{"line":8,"column":27},"end":{"line":8,"column":78}},"8":{"start":{"line":9,"column":4},"end":{"line":12,"column":null}},"9":{"start":{"line":10,"column":8},"end":{"line":10,"column":58}},"10":{"start":{"line":11,"column":8},"end":{"line":11,"column":15}},"11":{"start":{"line":13,"column":4},"end":{"line":22,"column":null}},"12":{"start":{"line":14,"column":28},"end":{"line":14,"column":69}},"13":{"start":{"line":15,"column":25},"end":{"line":15,"column":45}},"14":{"start":{"line":16,"column":33},"end":{"line":16,"column":60}},"15":{"start":{"line":17,"column":8},"end":{"line":17,"column":63}},"16":{"start":{"line":18,"column":8},"end":{"line":18,"column":65}},"17":{"start":{"line":20,"column":8},"end":{"line":20,"column":47}},"18":{"start":{"line":21,"column":8},"end":{"line":21,"column":60}},"19":{"start":{"line":5,"column":13},"end":{"line":5,"column":31}}},"fnMap":{"0":{"name":"(anonymous_8)","decl":{"start":{"line":5,"column":31},"end":{"line":5,"column":38}},"loc":{"start":{"line":5,"column":50},"end":{"line":23,"column":null}}},"1":{"name":"(anonymous_9)","decl":{"start":{"line":5,"column":50},"end":{"line":5,"column":null}},"loc":{"start":{"line":5,"column":50},"end":{"line":23,"column":1}}}},"branchMap":{"0":{"loc":{"start":{"line":9,"column":4},"end":{"line":12,"column":null}},"type":"if","locations":[{"start":{"line":9,"column":4},"end":{"line":12,"column":null}}]}},"s":{"0":1,"1":1,"2":1,"3":1,"4":2,"5":2,"6":2,"7":2,"8":2,"9":1,"10":1,"11":1,"12":1,"13":1,"14":1,"15":1,"16":1,"17":0,"18":0,"19":1},"f":{"0":2,"1":2},"b":{"0":[1]}}
,"C:\\Users\\TheR4\\Documents\\StrykeDev\\TechnicalTestProject\\src\\functions\\ExtractPostsHandler.ts": {"path":"C:\\Users\\TheR4\\Documents\\StrykeDev\\TechnicalTestProject\\src\\functions\\ExtractPostsHandler.ts","statementMap":{"0":{"start":{"line":1,"column":0},"end":{"line":1,"column":26}},"1":{"start":{"line":2,"column":0},"end":{"line":2,"column":71}},"2":{"start":{"line":3,"column":0},"end":{"line":3,"column":54}},"3":{"start":{"line":5,"column":28},"end":{"line":25,"column":null}},"4":{"start":{"line":5,"column":47},"end":{"line":25,"column":null}},"5":{"start":{"line":6,"column":40},"end":{"line":6,"column":64}},"6":{"start":{"line":7,"column":4},"end":{"line":7,"column":37}},"7":{"start":{"line":8,"column":25},"end":{"line":8,"column":43}},"8":{"start":{"line":9,"column":27},"end":{"line":9,"column":78}},"9":{"start":{"line":10,"column":4},"end":{"line":10,"column":40}},"10":{"start":{"line":11,"column":4},"end":{"line":14,"column":null}},"11":{"start":{"line":12,"column":8},"end":{"line":12,"column":58}},"12":{"start":{"line":13,"column":8},"end":{"line":13,"column":15}},"13":{"start":{"line":15,"column":4},"end":{"line":24,"column":null}},"14":{"start":{"line":16,"column":28},"end":{"line":16,"column":66}},"15":{"start":{"line":17,"column":25},"end":{"line":17,"column":45}},"16":{"start":{"line":18,"column":33},"end":{"line":18,"column":60}},"17":{"start":{"line":19,"column":8},"end":{"line":19,"column":60}},"18":{"start":{"line":20,"column":8},"end":{"line":20,"column":62}},"19":{"start":{"line":22,"column":8},"end":{"line":22,"column":47}},"20":{"start":{"line":23,"column":8},"end":{"line":23,"column":60}},"21":{"start":{"line":5,"column":13},"end":{"line":5,"column":28}}},"fnMap":{"0":{"name":"(anonymous_8)","decl":{"start":{"line":5,"column":28},"end":{"line":5,"column":35}},"loc":{"start":{"line":5,"column":47},"end":{"line":25,"column":null}}},"1":{"name":"(anonymous_9)","decl":{"start":{"line":5,"column":47},"end":{"line":5,"column":null}},"loc":{"start":{"line":5,"column":47},"end":{"line":25,"column":1}}}},"branchMap":{"0":{"loc":{"start":{"line":11,"column":4},"end":{"line":14,"column":null}},"type":"if","locations":[{"start":{"line":11,"column":4},"end":{"line":14,"column":null}}]}},"s":{"0":1,"1":1,"2":1,"3":1,"4":2,"5":2,"6":2,"7":2,"8":2,"9":2,"10":2,"11":1,"12":1,"13":1,"14":1,"15":1,"16":1,"17":1,"18":1,"19":0,"20":0,"21":1},"f":{"0":2,"1":2},"b":{"0":[1]}}
,"C:\\Users\\TheR4\\Documents\\StrykeDev\\TechnicalTestProject\\src\\functions\\GetCCTokenHandler.ts": {"path":"C:\\Users\\TheR4\\Documents\\StrykeDev\\TechnicalTestProject\\src\\functions\\GetCCTokenHandler.ts","statementMap":{"0":{"start":{"line":1,"column":0},"end":{"line":1,"column":54}},"1":{"start":{"line":3,"column":26},"end":{"line":14,"column":null}},"2":{"start":{"line":3,"column":45},"end":{"line":14,"column":null}},"3":{"start":{"line":4,"column":40},"end":{"line":4,"column":64}},"4":{"start":{"line":5,"column":24},"end":{"line":5,"column":57}},"5":{"start":{"line":6,"column":23},"end":{"line":6,"column":41}},"6":{"start":{"line":6,"column":51},"end":{"line":6,"column":53}},"7":{"start":{"line":7,"column":27},"end":{"line":7,"column":72}},"8":{"start":{"line":8,"column":4},"end":{"line":11,"column":null}},"9":{"start":{"line":9,"column":8},"end":{"line":9,"column":68}},"10":{"start":{"line":10,"column":8},"end":{"line":10,"column":15}},"11":{"start":{"line":12,"column":4},"end":{"line":12,"column":58}},"12":{"start":{"line":13,"column":4},"end":{"line":13,"column":37}},"13":{"start":{"line":3,"column":13},"end":{"line":3,"column":26}}},"fnMap":{"0":{"name":"(anonymous_7)","decl":{"start":{"line":3,"column":26},"end":{"line":3,"column":33}},"loc":{"start":{"line":3,"column":45},"end":{"line":14,"column":null}}},"1":{"name":"(anonymous_8)","decl":{"start":{"line":3,"column":45},"end":{"line":3,"column":null}},"loc":{"start":{"line":3,"column":45},"end":{"line":14,"column":1}}}},"branchMap":{"0":{"loc":{"start":{"line":8,"column":4},"end":{"line":11,"column":null}},"type":"if","locations":[{"start":{"line":8,"column":4},"end":{"line":11,"column":null}}]}},"s":{"0":1,"1":1,"2":2,"3":2,"4":2,"5":2,"6":2,"7":2,"8":2,"9":1,"10":1,"11":1,"12":1,"13":1},"f":{"0":2,"1":2},"b":{"0":[1]}}
,"C:\\Users\\TheR4\\Documents\\StrykeDev\\TechnicalTestProject\\src\\functions\\GetCommentsHandler.ts": {"path":"C:\\Users\\TheR4\\Documents\\StrykeDev\\TechnicalTestProject\\src\\functions\\GetCommentsHandler.ts","statementMap":{"0":{"start":{"line":1,"column":0},"end":{"line":1,"column":71}},"1":{"start":{"line":2,"column":0},"end":{"line":2,"column":54}},"2":{"start":{"line":4,"column":27},"end":{"line":23,"column":null}},"3":{"start":{"line":4,"column":46},"end":{"line":23,"column":null}},"4":{"start":{"line":5,"column":40},"end":{"line":5,"column":64}},"5":{"start":{"line":6,"column":4},"end":{"line":6,"column":37}},"6":{"start":{"line":7,"column":25},"end":{"line":7,"column":43}},"7":{"start":{"line":8,"column":27},"end":{"line":8,"column":78}},"8":{"start":{"line":9,"column":4},"end":{"line":9,"column":40}},"9":{"start":{"line":10,"column":4},"end":{"line":13,"column":null}},"10":{"start":{"line":11,"column":8},"end":{"line":11,"column":58}},"11":{"start":{"line":12,"column":8},"end":{"line":12,"column":15}},"12":{"start":{"line":14,"column":4},"end":{"line":22,"column":null}},"13":{"start":{"line":15,"column":33},"end":{"line":15,"column":60}},"14":{"start":{"line":16,"column":25},"end":{"line":16,"column":69}},"15":{"start":{"line":18,"column":8},"end":{"line":18,"column":27}},"16":{"start":{"line":20,"column":8},"end":{"line":20,"column":47}},"17":{"start":{"line":21,"column":8},"end":{"line":21,"column":60}},"18":{"start":{"line":4,"column":13},"end":{"line":4,"column":27}}},"fnMap":{"0":{"name":"(anonymous_7)","decl":{"start":{"line":4,"column":27},"end":{"line":4,"column":34}},"loc":{"start":{"line":4,"column":46},"end":{"line":23,"column":null}}},"1":{"name":"(anonymous_8)","decl":{"start":{"line":4,"column":46},"end":{"line":4,"column":null}},"loc":{"start":{"line":4,"column":46},"end":{"line":23,"column":1}}}},"branchMap":{"0":{"loc":{"start":{"line":10,"column":4},"end":{"line":13,"column":null}},"type":"if","locations":[{"start":{"line":10,"column":4},"end":{"line":13,"column":null}}]}},"s":{"0":1,"1":1,"2":1,"3":0,"4":0,"5":0,"6":0,"7":0,"8":0,"9":0,"10":0,"11":0,"12":0,"13":0,"14":0,"15":0,"16":0,"17":0,"18":1},"f":{"0":0,"1":0},"b":{"0":[0]}}
,"C:\\Users\\TheR4\\Documents\\StrykeDev\\TechnicalTestProject\\src\\functions\\GetPostsHandler.ts": {"path":"C:\\Users\\TheR4\\Documents\\StrykeDev\\TechnicalTestProject\\src\\functions\\GetPostsHandler.ts","statementMap":{"0":{"start":{"line":1,"column":0},"end":{"line":1,"column":71}},"1":{"start":{"line":2,"column":0},"end":{"line":2,"column":54}},"2":{"start":{"line":4,"column":24},"end":{"line":23,"column":null}},"3":{"start":{"line":4,"column":43},"end":{"line":23,"column":null}},"4":{"start":{"line":5,"column":40},"end":{"line":5,"column":64}},"5":{"start":{"line":6,"column":4},"end":{"line":6,"column":37}},"6":{"start":{"line":7,"column":25},"end":{"line":7,"column":43}},"7":{"start":{"line":8,"column":27},"end":{"line":8,"column":78}},"8":{"start":{"line":9,"column":4},"end":{"line":9,"column":40}},"9":{"start":{"line":10,"column":4},"end":{"line":13,"column":null}},"10":{"start":{"line":11,"column":8},"end":{"line":11,"column":58}},"11":{"start":{"line":12,"column":8},"end":{"line":12,"column":15}},"12":{"start":{"line":14,"column":4},"end":{"line":22,"column":null}},"13":{"start":{"line":15,"column":33},"end":{"line":15,"column":60}},"14":{"start":{"line":16,"column":25},"end":{"line":16,"column":66}},"15":{"start":{"line":17,"column":8},"end":{"line":17,"column":30}},"16":{"start":{"line":18,"column":8},"end":{"line":18,"column":27}},"17":{"start":{"line":20,"column":8},"end":{"line":20,"column":47}},"18":{"start":{"line":21,"column":8},"end":{"line":21,"column":60}},"19":{"start":{"line":4,"column":13},"end":{"line":4,"column":24}}},"fnMap":{"0":{"name":"(anonymous_7)","decl":{"start":{"line":4,"column":24},"end":{"line":4,"column":31}},"loc":{"start":{"line":4,"column":43},"end":{"line":23,"column":null}}},"1":{"name":"(anonymous_8)","decl":{"start":{"line":4,"column":43},"end":{"line":4,"column":null}},"loc":{"start":{"line":4,"column":43},"end":{"line":23,"column":1}}}},"branchMap":{"0":{"loc":{"start":{"line":10,"column":4},"end":{"line":13,"column":null}},"type":"if","locations":[{"start":{"line":10,"column":4},"end":{"line":13,"column":null}}]}},"s":{"0":1,"1":1,"2":1,"3":0,"4":0,"5":0,"6":0,"7":0,"8":0,"9":0,"10":0,"11":0,"12":0,"13":0,"14":0,"15":0,"16":0,"17":0,"18":0,"19":1},"f":{"0":0,"1":0},"b":{"0":[0]}}
,"C:\\Users\\TheR4\\Documents\\StrykeDev\\TechnicalTestProject\\src\\functions\\LogInHandler.ts": {"path":"C:\\Users\\TheR4\\Documents\\StrykeDev\\TechnicalTestProject\\src\\functions\\LogInHandler.ts","statementMap":{"0":{"start":{"line":1,"column":12},"end":{"line":1,"column":35}},"1":{"start":{"line":2,"column":0},"end":{"line":2,"column":71}},"2":{"start":{"line":3,"column":0},"end":{"line":3,"column":54}},"3":{"start":{"line":6,"column":21},"end":{"line":25,"column":null}},"4":{"start":{"line":6,"column":40},"end":{"line":25,"column":null}},"5":{"start":{"line":7,"column":15},"end":{"line":7,"column":23}},"6":{"start":{"line":8,"column":40},"end":{"line":8,"column":64}},"7":{"start":{"line":9,"column":25},"end":{"line":9,"column":43}},"8":{"start":{"line":10,"column":27},"end":{"line":10,"column":91}},"9":{"start":{"line":11,"column":4},"end":{"line":14,"column":null}},"10":{"start":{"line":12,"column":8},"end":{"line":12,"column":58}},"11":{"start":{"line":13,"column":8},"end":{"line":13,"column":15}},"12":{"start":{"line":15,"column":29},"end":{"line":15,"column":56}},"13":{"start":{"line":16,"column":17},"end":{"line":16,"column":58}},"14":{"start":{"line":17,"column":4},"end":{"line":21,"column":null}},"15":{"start":{"line":18,"column":8},"end":{"line":18,"column":57}},"16":{"start":{"line":19,"column":8},"end":{"line":19,"column":84}},"17":{"start":{"line":20,"column":8},"end":{"line":20,"column":15}},"18":{"start":{"line":22,"column":4},"end":{"line":22,"column":null}},"19":{"start":{"line":23,"column":4},"end":{"line":23,"column":54}},"20":{"start":{"line":24,"column":4},"end":{"line":24,"column":34}},"21":{"start":{"line":6,"column":13},"end":{"line":6,"column":21}}},"fnMap":{"0":{"name":"(anonymous_7)","decl":{"start":{"line":6,"column":21},"end":{"line":6,"column":28}},"loc":{"start":{"line":6,"column":40},"end":{"line":25,"column":null}}},"1":{"name":"(anonymous_8)","decl":{"start":{"line":6,"column":40},"end":{"line":6,"column":null}},"loc":{"start":{"line":6,"column":40},"end":{"line":25,"column":1}}}},"branchMap":{"0":{"loc":{"start":{"line":11,"column":4},"end":{"line":14,"column":null}},"type":"if","locations":[{"start":{"line":11,"column":4},"end":{"line":14,"column":null}}]},"1":{"loc":{"start":{"line":17,"column":4},"end":{"line":21,"column":null}},"type":"if","locations":[{"start":{"line":17,"column":4},"end":{"line":21,"column":null}}]}},"s":{"0":1,"1":1,"2":1,"3":1,"4":3,"5":3,"6":3,"7":3,"8":3,"9":3,"10":1,"11":1,"12":2,"13":2,"14":2,"15":1,"16":1,"17":1,"18":1,"19":1,"20":1,"21":1},"f":{"0":3,"1":3},"b":{"0":[1],"1":[1]}}
,"C:\\Users\\TheR4\\Documents\\StrykeDev\\TechnicalTestProject\\src\\functions\\RegisterUserHandler.ts": {"path":"C:\\Users\\TheR4\\Documents\\StrykeDev\\TechnicalTestProject\\src\\functions\\RegisterUserHandler.ts","statementMap":{"0":{"start":{"line":1,"column":12},"end":{"line":1,"column":35}},"1":{"start":{"line":2,"column":0},"end":{"line":2,"column":71}},"2":{"start":{"line":3,"column":0},"end":{"line":3,"column":54}},"3":{"start":{"line":4,"column":0},"end":{"line":4,"column":56}},"4":{"start":{"line":6,"column":28},"end":{"line":22,"column":null}},"5":{"start":{"line":6,"column":47},"end":{"line":22,"column":null}},"6":{"start":{"line":7,"column":40},"end":{"line":7,"column":64}},"7":{"start":{"line":8,"column":4},"end":{"line":8,"column":37}},"8":{"start":{"line":9,"column":25},"end":{"line":9,"column":43}},"9":{"start":{"line":10,"column":27},"end":{"line":10,"column":91}},"10":{"start":{"line":11,"column":4},"end":{"line":11,"column":40}},"11":{"start":{"line":12,"column":4},"end":{"line":15,"column":null}},"12":{"start":{"line":13,"column":8},"end":{"line":13,"column":58}},"13":{"start":{"line":14,"column":8},"end":{"line":14,"column":15}},"14":{"start":{"line":16,"column":17},"end":{"line":16,"column":25}},"15":{"start":{"line":17,"column":36},"end":{"line":17,"column":79}},"16":{"start":{"line":18,"column":29},"end":{"line":18,"column":56}},"17":{"start":{"line":19,"column":4},"end":{"line":19,"column":50}},"18":{"start":{"line":20,"column":4},"end":{"line":20,"column":29}},"19":{"start":{"line":21,"column":4},"end":{"line":21,"column":23}},"20":{"start":{"line":6,"column":13},"end":{"line":6,"column":28}}},"fnMap":{"0":{"name":"(anonymous_7)","decl":{"start":{"line":6,"column":28},"end":{"line":6,"column":35}},"loc":{"start":{"line":6,"column":47},"end":{"line":22,"column":null}}},"1":{"name":"(anonymous_8)","decl":{"start":{"line":6,"column":47},"end":{"line":6,"column":null}},"loc":{"start":{"line":6,"column":47},"end":{"line":22,"column":1}}}},"branchMap":{"0":{"loc":{"start":{"line":12,"column":4},"end":{"line":15,"column":null}},"type":"if","locations":[{"start":{"line":12,"column":4},"end":{"line":15,"column":null}}]}},"s":{"0":1,"1":1,"2":1,"3":1,"4":1,"5":2,"6":2,"7":2,"8":2,"9":2,"10":2,"11":2,"12":1,"13":1,"14":1,"15":1,"16":1,"17":1,"18":1,"19":1,"20":1},"f":{"0":2,"1":2},"b":{"0":[1]}}
,"C:\\Users\\TheR4\\Documents\\StrykeDev\\TechnicalTestProject\\src\\functions\\helpers\\DataConnectionService.ts": {"path":"C:\\Users\\TheR4\\Documents\\StrykeDev\\TechnicalTestProject\\src\\functions\\helpers\\DataConnectionService.ts","statementMap":{"0":{"start":{"line":1,"column":19},"end":{"line":1,"column":32}},"1":{"start":{"line":11,"column":17},"end":{"line":17,"column":6}},"2":{"start":{"line":18,"column":4},"end":{"line":28,"column":null}},"3":{"start":{"line":19,"column":6},"end":{"line":19,"column":29}},"4":{"start":{"line":20,"column":6},"end":{"line":22,"column":82}},"5":{"start":{"line":24,"column":6},"end":{"line":24,"column":48}},"6":{"start":{"line":26,"column":6},"end":{"line":26,"column":null}},"7":{"start":{"line":27,"column":6},"end":{"line":27,"column":25}},"8":{"start":{"line":32,"column":17},"end":{"line":38,"column":6}},"9":{"start":{"line":39,"column":4},"end":{"line":51,"column":null}},"10":{"start":{"line":40,"column":6},"end":{"line":40,"column":29}},"11":{"start":{"line":41,"column":6},"end":{"line":45,"column":null}},"12":{"start":{"line":42,"column":8},"end":{"line":44,"column":84}},"13":{"start":{"line":47,"column":6},"end":{"line":47,"column":48}},"14":{"start":{"line":49,"column":6},"end":{"line":49,"column":null}},"15":{"start":{"line":50,"column":6},"end":{"line":50,"column":25}},"16":{"start":{"line":55,"column":17},"end":{"line":61,"column":6}},"17":{"start":{"line":62,"column":4},"end":{"line":74,"column":null}},"18":{"start":{"line":63,"column":6},"end":{"line":63,"column":29}},"19":{"start":{"line":64,"column":6},"end":{"line":68,"column":null}},"20":{"start":{"line":65,"column":8},"end":{"line":67,"column":114}},"21":{"start":{"line":70,"column":6},"end":{"line":70,"column":48}},"22":{"start":{"line":72,"column":6},"end":{"line":72,"column":null}},"23":{"start":{"line":73,"column":6},"end":{"line":73,"column":25}},"24":{"start":{"line":78,"column":17},"end":{"line":84,"column":6}},"25":{"start":{"line":85,"column":4},"end":{"line":94,"column":null}},"26":{"start":{"line":86,"column":6},"end":{"line":86,"column":29}},"27":{"start":{"line":87,"column":19},"end":{"line":87,"column":166}},"28":{"start":{"line":88,"column":6},"end":{"line":88,"column":23}},"29":{"start":{"line":90,"column":6},"end":{"line":90,"column":48}},"30":{"start":{"line":92,"column":6},"end":{"line":92,"column":null}},"31":{"start":{"line":93,"column":6},"end":{"line":93,"column":25}},"32":{"start":{"line":98,"column":17},"end":{"line":104,"column":6}},"33":{"start":{"line":106,"column":4},"end":{"line":115,"column":null}},"34":{"start":{"line":107,"column":6},"end":{"line":107,"column":29}},"35":{"start":{"line":108,"column":6},"end":{"line":108,"column":58}},"36":{"start":{"line":110,"column":6},"end":{"line":110,"column":48}},"37":{"start":{"line":112,"column":6},"end":{"line":112,"column":null}},"38":{"start":{"line":113,"column":6},"end":{"line":113,"column":25}},"39":{"start":{"line":114,"column":6},"end":{"line":114,"column":24}},"40":{"start":{"line":119,"column":17},"end":{"line":125,"column":6}},"41":{"start":{"line":127,"column":4},"end":{"line":136,"column":null}},"42":{"start":{"line":128,"column":6},"end":{"line":128,"column":29}},"43":{"start":{"line":129,"column":6},"end":{"line":129,"column":64}},"44":{"start":{"line":131,"column":6},"end":{"line":131,"column":48}},"45":{"start":{"line":133,"column":6},"end":{"line":133,"column":null}},"46":{"start":{"line":134,"column":6},"end":{"line":134,"column":25}},"47":{"start":{"line":135,"column":6},"end":{"line":135,"column":27}},"48":{"start":{"line":5,"column":0},"end":{"line":5,"column":13}}},"fnMap":{"0":{"name":"(anonymous_7)","decl":{"start":{"line":6,"column":2},"end":{"line":6,"column":null}},"loc":{"start":{"line":6,"column":2},"end":{"line":8,"column":3}}},"1":{"name":"(anonymous_8)","decl":{"start":{"line":10,"column":15},"end":{"line":10,"column":25}},"loc":{"start":{"line":10,"column":49},"end":{"line":29,"column":null}}},"2":{"name":"(anonymous_10)","decl":{"start":{"line":31,"column":15},"end":{"line":31,"column":26}},"loc":{"start":{"line":31,"column":52},"end":{"line":52,"column":null}}},"3":{"name":"(anonymous_12)","decl":{"start":{"line":54,"column":15},"end":{"line":54,"column":29}},"loc":{"start":{"line":54,"column":61},"end":{"line":75,"column":null}}},"4":{"name":"(anonymous_14)","decl":{"start":{"line":77,"column":15},"end":{"line":77,"column":25}},"loc":{"start":{"line":77,"column":51},"end":{"line":95,"column":null}}},"5":{"name":"(anonymous_16)","decl":{"start":{"line":97,"column":15},"end":{"line":97,"column":29}},"loc":{"start":{"line":97,"column":29},"end":{"line":116,"column":null}}},"6":{"name":"(anonymous_18)","decl":{"start":{"line":118,"column":15},"end":{"line":118,"column":32}},"loc":{"start":{"line":118,"column":32},"end":{"line":137,"column":null}}}},"branchMap":{},"s":{"0":1,"1":0,"2":0,"3":0,"4":0,"5":0,"6":0,"7":0,"8":0,"9":0,"10":0,"11":0,"12":0,"13":0,"14":0,"15":0,"16":0,"17":0,"18":0,"19":0,"20":0,"21":0,"22":0,"23":0,"24":0,"25":0,"26":0,"27":0,"28":0,"29":0,"30":0,"31":0,"32":0,"33":0,"34":0,"35":0,"36":0,"37":0,"38":0,"39":0,"40":0,"41":0,"42":0,"43":0,"44":0,"45":0,"46":0,"47":0,"48":1},"f":{"0":5,"1":0,"2":0,"3":0,"4":0,"5":0,"6":0},"b":{}}
,"C:\\Users\\TheR4\\Documents\\StrykeDev\\TechnicalTestProject\\src\\functions\\helpers\\TokenService.ts": {"path":"C:\\Users\\TheR4\\Documents\\StrykeDev\\TechnicalTestProject\\src\\functions\\helpers\\TokenService.ts","statementMap":{"0":{"start":{"line":1,"column":12},"end":{"line":1,"column":35}},"1":{"start":{"line":7,"column":8},"end":{"line":9,"column":null}},"2":{"start":{"line":8,"column":12},"end":{"line":8,"column":24}},"3":{"start":{"line":10,"column":8},"end":{"line":10,"column":21}},"4":{"start":{"line":14,"column":29},"end":{"line":14,"column":58}},"5":{"start":{"line":15,"column":24},"end":{"line":18,"column":10}},"6":{"start":{"line":19,"column":30},"end":{"line":19,"column":87}},"7":{"start":{"line":20,"column":8},"end":{"line":20,"column":21}},"8":{"start":{"line":24,"column":21},"end":{"line":24,"column":31}},"9":{"start":{"line":26,"column":29},"end":{"line":26,"column":58}},"10":{"start":{"line":27,"column":8},"end":{"line":38,"column":11}},"11":{"start":{"line":28,"column":12},"end":{"line":37,"column":null}},"12":{"start":{"line":29,"column":16},"end":{"line":29,"column":92}},"13":{"start":{"line":30,"column":16},"end":{"line":30,"column":33}},"14":{"start":{"line":31,"column":16},"end":{"line":31,"column":30}},"15":{"start":{"line":34,"column":16},"end":{"line":34,"column":92}},"16":{"start":{"line":35,"column":16},"end":{"line":35,"column":61}},"17":{"start":{"line":36,"column":16},"end":{"line":36,"column":29}},"18":{"start":{"line":39,"column":8},"end":{"line":39,"column":21}},"19":{"start":{"line":43,"column":29},"end":{"line":43,"column":60}},"20":{"start":{"line":44,"column":24},"end":{"line":47,"column":10}},"21":{"start":{"line":48,"column":30},"end":{"line":48,"column":87}},"22":{"start":{"line":49,"column":8},"end":{"line":49,"column":21}},"23":{"start":{"line":53,"column":21},"end":{"line":53,"column":31}},"24":{"start":{"line":55,"column":29},"end":{"line":55,"column":60}},"25":{"start":{"line":56,"column":8},"end":{"line":67,"column":11}},"26":{"start":{"line":57,"column":12},"end":{"line":66,"column":null}},"27":{"start":{"line":58,"column":16},"end":{"line":58,"column":92}},"28":{"start":{"line":59,"column":16},"end":{"line":59,"column":33}},"29":{"start":{"line":60,"column":16},"end":{"line":60,"column":30}},"30":{"start":{"line":63,"column":16},"end":{"line":63,"column":92}},"31":{"start":{"line":64,"column":16},"end":{"line":64,"column":61}},"32":{"start":{"line":65,"column":16},"end":{"line":65,"column":29}},"33":{"start":{"line":68,"column":8},"end":{"line":68,"column":21}},"34":{"start":{"line":3,"column":0},"end":{"line":3,"column":13}}},"fnMap":{"0":{"name":"(anonymous_0)","decl":{"start":{"line":4,"column":4},"end":{"line":4,"column":19}},"loc":{"start":{"line":4,"column":4},"end":{"line":4,"column":20}}},"1":{"name":"(anonymous_1)","decl":{"start":{"line":6,"column":11},"end":{"line":6,"column":30}},"loc":{"start":{"line":6,"column":50},"end":{"line":11,"column":5}}},"2":{"name":"(anonymous_2)","decl":{"start":{"line":13,"column":11},"end":{"line":13,"column":41}},"loc":{"start":{"line":13,"column":41},"end":{"line":21,"column":5}}},"3":{"name":"(anonymous_3)","decl":{"start":{"line":23,"column":11},"end":{"line":23,"column":41}},"loc":{"start":{"line":23,"column":55},"end":{"line":40,"column":5}}},"4":{"name":"(anonymous_4)","decl":{"start":{"line":27,"column":40},"end":{"line":27,"column":49}},"loc":{"start":{"line":27,"column":61},"end":{"line":38,"column":9}}},"5":{"name":"(anonymous_5)","decl":{"start":{"line":42,"column":11},"end":{"line":42,"column":28}},"loc":{"start":{"line":42,"column":43},"end":{"line":50,"column":5}}},"6":{"name":"(anonymous_6)","decl":{"start":{"line":52,"column":11},"end":{"line":52,"column":28}},"loc":{"start":{"line":52,"column":42},"end":{"line":69,"column":5}}},"7":{"name":"(anonymous_7)","decl":{"start":{"line":56,"column":40},"end":{"line":56,"column":49}},"loc":{"start":{"line":56,"column":61},"end":{"line":67,"column":9}}}},"branchMap":{"0":{"loc":{"start":{"line":7,"column":8},"end":{"line":9,"column":null}},"type":"if","locations":[{"start":{"line":7,"column":8},"end":{"line":9,"column":null}}]},"1":{"loc":{"start":{"line":28,"column":12},"end":{"line":37,"column":null}},"type":"if","locations":[{"start":{"line":28,"column":12},"end":{"line":37,"column":null}},{"start":{"line":33,"column":17},"end":{"line":37,"column":null}}]},"2":{"loc":{"start":{"line":57,"column":12},"end":{"line":66,"column":null}},"type":"if","locations":[{"start":{"line":57,"column":12},"end":{"line":66,"column":null}},{"start":{"line":62,"column":17},"end":{"line":66,"column":null}}]}},"s":{"0":1,"1":0,"2":0,"3":0,"4":0,"5":0,"6":0,"7":0,"8":0,"9":0,"10":0,"11":0,"12":0,"13":0,"14":0,"15":0,"16":0,"17":0,"18":0,"19":0,"20":0,"21":0,"22":0,"23":0,"24":0,"25":0,"26":0,"27":0,"28":0,"29":0,"30":0,"31":0,"32":0,"33":0,"34":1},"f":{"0":11,"1":0,"2":0,"3":0,"4":0,"5":0,"6":0,"7":0},"b":{"0":[0],"1":[0,0],"2":[0,0]}}
,"C:\\Users\\TheR4\\Documents\\StrykeDev\\TechnicalTestProject\\src\\models\\UserDataModel.ts": {"path":"C:\\Users\\TheR4\\Documents\\StrykeDev\\TechnicalTestProject\\src\\models\\UserDataModel.ts","statementMap":{"0":{"start":{"line":1,"column":0},"end":{"line":1,"column":26}},"1":{"start":{"line":9,"column":8},"end":{"line":9,"column":23}},"2":{"start":{"line":10,"column":8},"end":{"line":10,"column":25}},"3":{"start":{"line":11,"column":8},"end":{"line":11,"column":33}},"4":{"start":{"line":3,"column":0},"end":{"line":3,"column":13}},"5":{"start":{"line":15,"column":0},"end":{"line":15,"column":13}}},"fnMap":{"0":{"name":"(anonymous_0)","decl":{"start":{"line":8,"column":4},"end":{"line":8,"column":16}},"loc":{"start":{"line":8,"column":46},"end":{"line":12,"column":5}}}},"branchMap":{},"s":{"0":1,"1":1,"2":1,"3":1,"4":1,"5":1},"f":{"0":1},"b":{}}
,"C:\\Users\\TheR4\\Documents\\StrykeDev\\TechnicalTestProject\\src\\tests\\Mocks\\ResponseMocks.ts": {"path":"C:\\Users\\TheR4\\Documents\\StrykeDev\\TechnicalTestProject\\src\\tests\\Mocks\\ResponseMocks.ts","statementMap":{"0":{"start":{"line":1,"column":0},"end":{"line":1,"column":91}},"1":{"start":{"line":3,"column":13},"end":{"line":9,"column":3}},"2":{"start":{"line":11,"column":13},"end":{"line":17,"column":3}},"3":{"start":{"line":19,"column":13},"end":{"line":25,"column":3}},"4":{"start":{"line":27,"column":13},"end":{"line":37,"column":3}},"5":{"start":{"line":39,"column":13},"end":{"line":39,"column":59}},"6":{"start":{"line":40,"column":13},"end":{"line":40,"column":57}},"7":{"start":{"line":41,"column":13},"end":{"line":41,"column":59}},"8":{"start":{"line":42,"column":13},"end":{"line":42,"column":57}},"9":{"start":{"line":43,"column":13},"end":{"line":43,"column":57}},"10":{"start":{"line":44,"column":13},"end":{"line":44,"column":60}},"11":{"start":{"line":45,"column":13},"end":{"line":45,"column":63}},"12":{"start":{"line":46,"column":13},"end":{"line":46,"column":59}},"13":{"start":{"line":47,"column":13},"end":{"line":47,"column":57}},"14":{"start":{"line":49,"column":13},"end":{"line":57,"column":2}},"15":{"start":{"line":59,"column":13},"end":{"line":66,"column":2}}},"fnMap":{},"branchMap":{},"s":{"0":1,"1":1,"2":1,"3":1,"4":1,"5":1,"6":1,"7":1,"8":1,"9":1,"10":1,"11":1,"12":1,"13":1,"14":1,"15":1},"f":{},"b":{}}
}
