TN:
SF:app.ts
FN:16,(anonymous_8)
FN:20,(anonymous_9)
FN:22,(anonymous_10)
FN:24,(anonymous_11)
FN:26,(anonymous_12)
FN:26,(anonymous_13)
FN:28,(anonymous_14)
FN:28,(anonymous_15)
FN:30,(anonymous_16)
FN:30,(anonymous_17)
FN:32,(anonymous_18)
FN:32,(anonymous_19)
FNF:12
FNH:1
FNDA:1,(anonymous_8)
FNDA:0,(anonymous_9)
FNDA:0,(anonymous_10)
FNDA:0,(anonymous_11)
FNDA:0,(anonymous_12)
FNDA:0,(anonymous_13)
FNDA:0,(anonymous_14)
FNDA:0,(anonymous_15)
FNDA:0,(anonymous_16)
FNDA:0,(anonymous_17)
FNDA:0,(anonymous_18)
FNDA:0,(anonymous_19)
DA:1,1
DA:2,1
DA:3,1
DA:4,1
DA:5,1
DA:6,1
DA:7,1
DA:8,1
DA:10,1
DA:11,1
DA:13,1
DA:14,1
DA:16,1
DA:17,1
DA:20,1
DA:22,1
DA:24,1
DA:26,1
DA:28,1
DA:30,1
DA:32,1
DA:34,1
LF:22
LH:22
BRF:0
BRH:0
end_of_record
TN:
SF:src\controllers\ExtractCommentsController.ts
FN:5,(anonymous_8)
FN:5,(anonymous_9)
FNF:2
FNH:2
FNDA:2,(anonymous_8)
FNDA:2,(anonymous_9)
DA:1,1
DA:2,1
DA:3,1
DA:5,2
DA:6,2
DA:7,2
DA:8,2
DA:9,2
DA:10,1
DA:11,1
DA:13,1
DA:14,1
DA:15,1
DA:16,1
DA:17,1
DA:18,1
DA:20,0
DA:21,0
LF:18
LH:16
BRDA:9,0,0,1
BRF:1
BRH:1
end_of_record
TN:
SF:src\controllers\ExtractPostsController.ts
FN:5,(anonymous_8)
FN:5,(anonymous_9)
FNF:2
FNH:2
FNDA:2,(anonymous_8)
FNDA:2,(anonymous_9)
DA:1,1
DA:2,1
DA:3,1
DA:5,2
DA:6,2
DA:7,2
DA:8,2
DA:9,2
DA:10,1
DA:11,1
DA:13,1
DA:14,1
DA:15,1
DA:16,1
DA:17,1
DA:18,1
DA:20,0
DA:21,0
LF:18
LH:16
BRDA:9,0,0,1
BRF:1
BRH:1
end_of_record
TN:
SF:src\controllers\GetCCTokenController.ts
FN:3,(anonymous_7)
FN:3,(anonymous_8)
FNF:2
FNH:2
FNDA:2,(anonymous_7)
FNDA:2,(anonymous_8)
DA:1,1
DA:3,2
DA:4,2
DA:5,2
DA:6,2
DA:7,2
DA:8,2
DA:9,1
DA:10,1
DA:12,1
DA:13,1
LF:11
LH:11
BRDA:8,0,0,1
BRF:1
BRH:1
end_of_record
TN:
SF:src\controllers\GetCommentsController.ts
FN:4,(anonymous_7)
FN:4,(anonymous_8)
FNF:2
FNH:2
FNDA:2,(anonymous_7)
FNDA:2,(anonymous_8)
DA:1,1
DA:2,1
DA:4,2
DA:5,2
DA:6,2
DA:7,2
DA:8,2
DA:9,1
DA:10,1
DA:12,1
DA:13,1
DA:14,1
DA:15,1
DA:17,0
DA:18,0
LF:15
LH:13
BRDA:8,0,0,1
BRF:1
BRH:1
end_of_record
TN:
SF:src\controllers\GetPostsController.ts
FN:4,(anonymous_7)
FN:4,(anonymous_8)
FNF:2
FNH:2
FNDA:2,(anonymous_7)
FNDA:2,(anonymous_8)
DA:1,1
DA:2,1
DA:4,2
DA:5,2
DA:6,2
DA:7,2
DA:8,2
DA:9,1
DA:10,1
DA:12,1
DA:13,1
DA:14,1
DA:15,1
DA:17,0
DA:18,0
LF:15
LH:13
BRDA:8,0,0,1
BRF:1
BRH:1
end_of_record
TN:
SF:src\controllers\LogInController.ts
FN:4,(anonymous_7)
FN:4,(anonymous_8)
FNF:2
FNH:2
FNDA:3,(anonymous_7)
FNDA:3,(anonymous_8)
DA:1,1
DA:2,1
DA:4,3
DA:5,3
DA:6,3
DA:7,3
DA:8,3
DA:9,3
DA:10,1
DA:11,1
DA:13,2
DA:14,2
DA:15,2
DA:16,1
DA:17,1
DA:18,1
DA:20,1
DA:21,1
DA:22,1
LF:19
LH:19
BRDA:9,0,0,1
BRDA:15,1,0,1
BRF:2
BRH:2
end_of_record
TN:
SF:src\controllers\RegisterUserController.ts
FN:5,(anonymous_7)
FN:5,(anonymous_8)
FNF:2
FNH:2
FNDA:2,(anonymous_7)
FNDA:2,(anonymous_8)
DA:1,1
DA:2,1
DA:3,1
DA:5,2
DA:6,2
DA:7,2
DA:8,2
DA:9,2
DA:10,1
DA:11,1
DA:13,1
DA:14,1
DA:15,1
DA:16,1
DA:17,1
DA:18,1
LF:16
LH:16
BRDA:9,0,0,1
BRF:1
BRH:1
end_of_record
TN:
SF:src\controllers\helpers\DataConnectionService.ts
FN:8,(anonymous_7)
FN:18,(anonymous_8)
FN:32,(anonymous_10)
FN:48,(anonymous_12)
FN:64,(anonymous_14)
FN:77,(anonymous_16)
FN:91,(anonymous_18)
FNF:7
FNH:7
FNDA:13,(anonymous_7)
FNDA:1,(anonymous_8)
FNDA:1,(anonymous_10)
FNDA:1,(anonymous_12)
FNDA:1,(anonymous_14)
FNDA:1,(anonymous_16)
FNDA:1,(anonymous_18)
DA:1,2
DA:5,2
DA:9,13
DA:19,1
DA:20,1
DA:21,1
DA:25,0
DA:27,1
DA:28,1
DA:33,1
DA:34,1
DA:35,1
DA:36,1
DA:41,0
DA:43,1
DA:44,1
DA:49,1
DA:50,1
DA:51,1
DA:52,2
DA:57,0
DA:59,1
DA:60,1
DA:65,1
DA:66,1
DA:67,1
DA:68,1
DA:70,0
DA:72,1
DA:73,1
DA:79,1
DA:80,1
DA:81,1
DA:83,0
DA:85,1
DA:86,1
DA:87,1
DA:93,1
DA:94,1
DA:95,1
DA:97,0
DA:99,1
DA:100,1
DA:101,1
LF:44
LH:38
BRF:0
BRH:0
end_of_record
TN:
SF:src\controllers\helpers\TokenService.ts
FN:4,(anonymous_0)
FN:11,(anonymous_1)
FN:21,(anonymous_2)
FN:25,(anonymous_3)
FN:38,(anonymous_4)
FN:48,(anonymous_5)
FN:52,(anonymous_6)
FNF:7
FNH:5
FNDA:1,(anonymous_0)
FNDA:1,(anonymous_1)
FNDA:1,(anonymous_2)
FNDA:0,(anonymous_3)
FNDA:1,(anonymous_4)
FNDA:1,(anonymous_5)
FNDA:0,(anonymous_6)
DA:1,2
DA:3,2
DA:5,1
DA:6,1
DA:8,0
DA:12,1
DA:13,1
DA:17,1
DA:18,1
DA:22,1
DA:23,1
DA:24,1
DA:25,1
DA:26,0
DA:27,0
DA:28,0
DA:31,0
DA:32,0
DA:35,1
DA:39,1
DA:40,1
DA:44,1
DA:45,1
DA:49,1
DA:50,1
DA:51,1
DA:52,1
DA:53,0
DA:54,0
DA:55,0
DA:58,0
DA:59,0
DA:62,1
LF:33
LH:22
BRDA:5,0,0,1
BRDA:26,1,0,0
BRDA:26,1,1,0
BRDA:53,2,0,0
BRDA:53,2,1,0
BRF:5
BRH:1
end_of_record
TN:
SF:src\models\UserDataModel.ts
FN:8,(anonymous_0)
FNF:1
FNH:1
FNDA:1,(anonymous_0)
DA:1,1
DA:3,1
DA:9,1
DA:10,1
DA:11,1
DA:15,1
LF:6
LH:6
BRF:0
BRH:0
end_of_record
TN:
SF:src\tests\Mocks\ResponseMocks.ts
FNF:0
FNH:0
DA:1,3
DA:3,3
DA:11,3
DA:19,3
DA:27,3
DA:39,3
DA:40,3
DA:41,3
DA:42,3
DA:43,3
DA:44,3
DA:45,3
DA:46,3
DA:47,3
DA:49,3
DA:59,3
DA:76,3
DA:85,3
DA:94,3
DA:96,3
DA:98,3
DA:100,3
DA:102,3
DA:104,3
LF:24
LH:24
BRF:0
BRH:0
end_of_record
